searching for ocamlc.opt          found /opt/local/bin/ocamlc.opt
searching for ocamlopt.opt        found /opt/local/bin/ocamlopt.opt
searching for ocamlyacc           found /opt/local/bin/ocamlyacc
searching for notangle            found /opt/local/bin/notangle
searching for cpif                found /opt/local/bin/cpif
searching for awk                 found /usr/bin/awk
searching for test                found /bin/test
searching for gcc                 found /usr/bin/gcc
searching for mk                  not found
searching for latex               found /usr/local/texlive/2010/bin/universal-darwin//latex
searching for lua.h               not found
searching for lualib.h            not found
searching for liblua.so           not found
searching for liblua40.so         not found
searching for liblua.a            not found
searching for liblua40.a          not found
searching for liblualib.so        not found
searching for liblualib40.so      not found
searching for liblualib.a         not found
searching for liblualib40.a       not found

    Here is what ./configure has found:
    
    OCAML
    ------------------------------------------------------------------ 
    OCaml Version:  3.11
    ocamlc:         /opt/local/bin/ocamlc.opt
    ocamlopt:       /opt/local/bin/ocamlopt.opt
    ocamlyacc:      /opt/local/bin/ocamlyacc
    
    NOWEB and tools
    ------------------------------------------------------------------ 
    notangle:       /opt/local/bin/notangle
    cpif:           /opt/local/bin/cpif
    awk:            /usr/bin/awk
    mk:             
    
    C Compiler
    ------------------------------------------------------------------ 
    cc:             /usr/bin/gcc
    C Standard:     undefined
    IEC 60559       0
    
    
    Documentation
    ------------------------------------------------------------------ 
    LaTeX:          /usr/local/texlive/2010/bin/universal-darwin//latex
    
    Lua
    ------------------------------------------------------------------ 
    Lua Version:    
    lua.h:          
    lualib.h:       
    liblua:         
    liblualib:      
    Lua -I          -I.
    Lua -L          -L./
    ld(1) flags:    -L./  
    
    Architecture
    ------------------------------------------------------------------ 
    Architecture:   x86-unknown
    Word size:      64
    Endianness:     little
    Sizes:          int:4 int*:8 char:1

    Installation
    ------------------------------------------------------------------
    Install to:     /usr/local

